********************************************************************************
DUPLICATOR-LITE PACKAGE-LOG: 22 de October de 2023 14:37
NOTICE: Do NOT post to public sites or forums 
********************************************************************************
VERSION:	1.5.6
WORDPRESS:	6.3.2
PHP INFO:	8.2.4 | SAPI: apache2handler
SERVER:		Apache/2.4.56 (Win64) OpenSSL/1.1.1t PHP/8.2.4 
PHP TIME LIMIT: (0) no time limit imposed 
PHP MAX MEMORY: 4294967296 (512M default) 
MEMORY STACK: 44MB
[CTRL DUP ARCIVE] PACKAGE AS NEW ID 1 SAVED | STATUS:0
[DUP ARCHIVE] BUILDING DATABASE

********************************************************************************
DATABASE:
********************************************************************************
BUILD MODE:   MYSQLDUMP
MYSQLTIMEOUT: 5000
MYSQLDUMP:    Is Supported
SQL CREATED: 20231022_fitnessforce_0764b0ebddc29a7e6101_20231022143718_database.sql
SQL FILE SIZE: 1.66MB (1744695)
SQL FILE TIME: 2023-10-22 14:37:36
SQL RUNTIME: 5.48 sec.
[DUP ARCHIVE] VALIDATING DATABASE
[DUP ARCHIVE] DONE DATABASE

********************************************************************************
ARCHIVE Type=DUP Mode=DupArchive
********************************************************************************
ARCHIVE DIR:  C:/xampp/htdocs/fitnessforce
ARCHIVE FILE: 20231022_fitnessforce_0764b0ebddc29a7e6101_20231022143718_archive.daf
FILTERS: *OFF*
DIRS:
	not set
FILES:
	not set
EXTS:  not set
----------------------------------------
COMPRESSING
SIZE:	101.57MB
STATS:	Dirs 800 | Files 4,634 | Total 5,434
[DUP ARCHIVE] DONE ARCHIVE
[DUP ARCHIVE] DONE ARCHIVE
[DUP ARCHIVE] DONE ARCHIVE
[DUP ARCHIVE] DONE ARCHIVE
[DUP ARCHIVE] DONE ARCHIVE
[DUP ARCHIVE] DONE ARCHIVE
building installer
[DUP ARCHIVE] DONE ARCHIVE
COMPRESSED SIZE: 51.66MB
ARCHIVE RUNTIME: 63.33 sec.
MEMORY STACK: 46MB
CREATE WARNINGS: No warnings.
VALIDATION WARNINGS: No warnings.
[DUP ARCHIVE] DONE ARCHIVE
[DUP ARCHIVE] HAS COMPLETED CLOSING
[DUP ARCHIVE] DUP ARCHIVE INTEGRITY CHECK

********************************************************************************
INTEGRITY CHECKS:
********************************************************************************
SQL FILE: 1.66MB
INSTALLER FILE: 94.81KB
ARCHIVE FILE: 51.66MB 
RECUENTO ARCHIVOS/DIRECTORIOS ESPERADOS: 6,172
RECUENTO ARCHIVOS/DIRECTORIOS ACTUALES: 6,173

********************************************************************************
RECORD ID:[1]
TOTAL PROCESS RUNTIME: 63.34 sec.
PEAK PHP MEMORY USED: 46MB
DONE PROCESSING => 20231022_fitnessforce 2023-10-22 14:38:34

